1596518483547	geckodriver	INFO	Listening on 127.0.0.1:55245
1596518486607	mozrunner::runner	INFO	Running command: "C:\\Program Files\\Mozilla Firefox\\firefox.exe" "--marionette" "-foreground" "-no-remote" "-profile" "C:\\Users\\PC\\AppData\\Local\\Temp\\rust_mozprofilem9KJc2"
1596518498761	geckodriver	INFO	Listening on 127.0.0.1:55277
1596518501827	mozrunner::runner	INFO	Running command: "C:\\Program Files\\Mozilla Firefox\\firefox.exe" "--marionette" "-foreground" "-no-remote" "-profile" "C:\\Users\\PC\\AppData\\Local\\Temp\\rust_mozprofileB3R8iK"
JavaScript error: resource://gre/modules/XULStore.jsm, line 66: Error: Can't find profile directory.
console.error: SearchCache: "_readCacheFile: Error reading cache file:" (new Error("", "(unknown module)"))
1596518506836	Marionette	INFO	Listening on port 55289
1596518507085	Marionette	WARN	TLS certificate errors will be ignored for this session
1596518538019	Marionette	INFO	Stopped listening on port 55289

###!!! [Child][RunMessage] Error: Channel closing: too late to send/recv, messages will be lost


###!!! [Child][MessageChannel::SendAndWait] Error: Channel error: cannot send/recv

1596518608205	geckodriver	INFO	Listening on 127.0.0.1:55480
1596518611263	mozrunner::runner	INFO	Running command: "C:\\Program Files\\Mozilla Firefox\\firefox.exe" "--marionette" "-headless" "-foreground" "-no-remote" "-profile" "C:\\Users\\PC\\AppData\\Local\\Temp\\rust_mozprofile38Axke"
*** You are running in headless mode.
JavaScript error: resource://gre/modules/XULStore.jsm, line 66: Error: Can't find profile directory.
console.error: SearchCache: "_readCacheFile: Error reading cache file:" (new Error("", "(unknown module)"))
1596518614580	Marionette	INFO	Listening on port 55492
1596518614893	Marionette	WARN	TLS certificate errors will be ignored for this session
1596518766919	geckodriver	INFO	Listening on 127.0.0.1:55732
1596518770017	mozrunner::runner	INFO	Running command: "C:\\Program Files\\Mozilla Firefox\\firefox.exe" "--marionette" "-headless" "-foreground" "-no-remote" "-profile" "C:\\Users\\PC\\AppData\\Local\\Temp\\rust_mozprofileSAlvtL"
*** You are running in headless mode.
JavaScript error: resource://gre/modules/XULStore.jsm, line 66: Error: Can't find profile directory.
console.error: SearchCache: "_readCacheFile: Error reading cache file:" (new Error("", "(unknown module)"))
1596518773515	Marionette	INFO	Listening on port 55744
1596518773652	Marionette	WARN	TLS certificate errors will be ignored for this session
1596518860035	geckodriver	INFO	Listening on 127.0.0.1:55870
1596518863123	mozrunner::runner	INFO	Running command: "C:\\Program Files\\Mozilla Firefox\\firefox.exe" "--marionette" "-foreground" "-no-remote" "-profile" "C:\\Users\\PC\\AppData\\Local\\Temp\\rust_mozprofile5syZHg"
JavaScript error: resource://gre/modules/XULStore.jsm, line 66: Error: Can't find profile directory.
console.error: SearchCache: "_readCacheFile: Error reading cache file:" (new Error("", "(unknown module)"))
1596518867783	Marionette	INFO	Listening on port 55883
1596518867857	Marionette	WARN	TLS certificate errors will be ignored for this session
console.warn: "Got a mutation for an unexpected actor: server0.conn1.child2/domnode404, please file a bug on bugzilla.mozilla.org!"
console.trace: 
resource://devtools/client/fronts/walker.js 284 getMutations
console.warn: "Got a mutation for an unexpected actor: server0.conn1.child2/domnode404, please file a bug on bugzilla.mozilla.org!"
console.trace: 
resource://devtools/client/fronts/walker.js 284 getMutations
console.warn: "Got a mutation for an unexpected actor: server0.conn1.child2/domnode404, please file a bug on bugzilla.mozilla.org!"
console.trace: 
resource://devtools/client/fronts/walker.js 284 getMutations
console.warn: "Got a mutation for an unexpected actor: server0.conn1.child2/domnode404, please file a bug on bugzilla.mozilla.org!"
console.trace: 
resource://devtools/client/fronts/walker.js 284 getMutations
console.warn: "Got a mutation for an unexpected actor: serve1596520783291	mozrunner::runner	INFO	Running command: "C:\\Program Files\\Mozilla Firefox\\firefox.exe" "--marionette" "-foreground" "-no-remote" "-profconsole.warn: "Got a mutation for an unexpected actor: server0.conJavaScript error: resource://gre/modules/XULStore.jsm, line 66: Error: Can't find profile directory.
console.error: SearchCache: "_readCacheFile:1596520788786	Marionette	INFO	Stopped listening on port 55883

###!!! [Child][RunMessage] Error: Channel closing: too late to send/recv, messages will be lost


###!!! [Child][MessageChannel::SendAndWaiconsole.error: "Error while calling actor 'pagestyle's method 'getLayout'" "node is null"
console.error: "getLayout@resource://devtools/server/actors/styles.js:1013:5\nhandler@resource://devtools/shared/protocol/Actor.js:162:37\nonPacket@resource://devtools/server/devtools-server-connection.js:379:58\nreceiveMessage@resource://devtools/shared/transport/child-transport.js:66:16\n"
console.error: (new Error("Protocol error (TypeError): node is null from: server0.conn0.child2/pagestyle27 (resource://devtools/server/actors/styles.js:1013:5)", "resource://devtools/shared/protocol/Front.js", 323))
console.error: (new TypeError("container.node.targetFront is null", "resource://devtools/client/inspector/markup/markup.js", 2245))
JavaScript error: resource://devtools/client/fronts/walker.js, line 159: Error: The ValueGrip passed could not be translated to a NodeFront
JavaScript error: resource://devtools/client/fronts/walker.js, line 159: Error: The ValueGrip passed could not be translated to a NodeFront
JavaScript error: resource://devtools/client/fronts/walker.js, line 159: Error: The ValueGrip passed could not be translated to a NodeFront
JavaScript error: resource://devtools/client/fronts/walker.js, line 159: Error: The ValueGrip passed could not be translated to a NodeFront
JavaScript error: resource://devtools/client/fronts/walker.js, line 159: Error: The ValueGrip passed could not be translated to a NodeFront
JavaScript error: resource://devtools/client/fronts/walker.js, line 159: Error: The ValueGrip passed could not be translated to a NodeFront
console.error: "Error while calling actor 'pagestyle's method 'getLayout'" "node is null"
console.error: "getLayout@resource://devtools/server/actors/styles.js:1013:5\nhandler@resource://devtools/shared/protocol/Actor.js:162:37\nonPacket@resource://devtools/server/devtools-server-connection.js:379:58\nreceiveMessage@resource://devtools/shared/transport/child-transport.js:66:16\n"
console.error: (new Error("Protocol error (TypeError): node is null from: server0.conn2.child2/pagestyle26 (resource://devtools/server/actors/styles.js:1013:5)", "resource://devtools/shared/protocol/Front.js", 323))
console.error: "Error while calling actor 'pagestyle's method 'getLayout'" "node is null"
console.error: "getLayout@resource://devtools/server/actors/styles.js:1013:5\nhandler@resource://devtools/shared/protocol/Actor.js:162:37\nonPacket@resource://devtools/server/devtools-server-connection.js:379:58\nreceiveMessage@resource://devtools/shared/transport/child-transport.js:66:16\n"
console.error: (new Error("Protocol error (TypeError): node is null from: server0.conn2.child2/pagestyle26 (resource://devtools/server/actors/styles.js:1013:5)", "resource://devtools/shared/protocol/Front.js", 323))
console.error: "Error while calling actor 'layout's method 'getGrids'" "node is null"
console.error: "getGrids@resource://devtools/server/actors/layout.js:502:26\ngetGrids@resource://devtools/server/actors/layout.js:507:43\nhandler@resource://devtools/shared/protocol/Actor.js:162:37\nonPacket@resource://devtools/server/devtools-server-connection.js:379:58\nreceiveMessage@resource://devtools/shared/transport/child-transport.js:66:16\n"
console.error: "Error while calling actor 'layout's method 'getGrids'" "node is null"
console.error: "getGrids@resource://devtools/server/actors/layout.js:502:26\ngetGrids@resource://devtools/server/actors/layout.js:507:43\nhandler@resource://devtools/shared/protocol/Actor.js:162:37\nonPacket@resource://devtools/server/devtools-server-connection.js:379:58\nreceiveMessage@resource://devtools/shared/transport/child-transport.js:66:16\n"
[Child 18424, MediaDecoderStateMachine #2] WARNING: Decoder=1ddd9da5000 Decode error: NS_ERROR_DOM_MEDIA_FATAL_ERR (0x806e0005) - RefPtr<MediaSourceTrackDemuxer::SamplesPromise> __cdecl mozilla::MediaSourceTrackDemuxer::DoGetSamples(int32_t): manager is detached.: file /builds/worker/checkouts/gecko/dom/media/MediaDecoderStateMachine.cpp, line 3470
[Child 18424, MediaDecoderStateMachine #2] WARNING: Decoder=1ddd9da5000 Decode error: NS_ERROR_DOM_MEDIA_FATAL_ERR (0x806e0005) - RefPtr<MediaSourceTrackDemuxer::SamplesPromise> __cdecl mozilla::MediaSourceTrackDemuxer::DoGetSamples(int32_t): manager is detached.: file /builds/worker/checkouts/gecko/dom/media/MediaDecoderStateMachine.cpp, line 3470
[Child 18424, MediaDecoderStateMachine #2] WARNING: Decoder=1ddd9da5000 Decode error: NS_ERROR_DOM_MEDIA_FATAL_ERR (0x806e0005) - RefPtr<MediaSourceTrackDemuxer::SamplesPromise> __cdecl mozilla::MediaSourceTrackDemuxer::DoGetSamples(int32_t): manager is detached.: file /builds/worker/checkouts/gecko/dom/media/MediaDecoderStateMachine.cpp, line 3470
[Child 18424, MediaDecoderStateMachine #2] WARNING: Decoder=1ddd9da5000 Decode error: NS_ERROR_DOM_MEDIA_FATAL_ERR (0x806e0005) - RefPtr<MediaSourceTrackDemuxer::SamplesPromise> __cdecl mozilla::MediaSourceTrackDemuxer::DoGetSamples(int32_t): manager is detached.: file /builds/worker/checkouts/gecko/dom/media/MediaDecoderStateMachine.cpp, line 3470
[Child 18424, MediaDecoderStateMachine #2] WARNING: Decoder=1ddd9da5000 Decode error: NS_ERROR_DOM_MEDIA_FATAL_ERR (0x806e0005) - RefPtr<MediaSourceTrackDemuxer::SamplesPromise> __cdecl mozilla::MediaSourceTrackDemuxer::DoGetSamples(int32_t): manager is detached.: file /builds/worker/checkouts/gecko/dom/media/MediaDecoderStateMachine.cpp, line 3470
[Child 18424, MediaDecoderStateMachine #2] WARNING: Decoder=1ddd9da5000 Decode error: NS_ERROR_DOM_MEDIA_FATAL_ERR (0x806e0005) - RefPtr<MediaSourceTrackDemuxer::SamplesPromise> __cdecl mozilla::MediaSourceTrackDemuxer::DoGetSamples(int32_t): manager is detached.: file /builds/worker/checkouts/gecko/dom/media/MediaDecoderStateMachine.cpp, line 3470
[Child 18424, MediaDecoderStateMachine #2] WARNING: Decoder=1ddd9da5000 Decode error: NS_ERROR_DOM_MEDIA_FATAL_ERR (0x806e0005) - RefPtr<MediaSourceTrackDemuxer::SamplesPromise> __cdecl mozilla::MediaSourceTrackDemuxer::DoGetSamples(int32_t): manager is detached.: file /builds/worker/checkouts/gecko/dom/media/MediaDecoderStateMachine.cpp, line 3470
[Child 18424, MediaDecoderStateMachine #2] WARNING: Decoder=1dd81f87800 Decode error: NS_ERROR_DOM_MEDIA_FATAL_ERR (0x806e0005) - RefPtr<MediaSourceTrackDemuxer::SamplesPromise> __cdecl mozilla::MediaSourceTrackDemuxer::DoGetSamples(int32_t): manager is detached.: file /builds/worker/checkouts/gecko/dom/media/MediaDecoderStateMachine.cpp, line 3470
[Child 18424, MediaDecoderStateMachine #2] WARNING: Decoder=1dd81f87800 Decode error: NS_ERROR_DOM_MEDIA_FATAL_ERR (0x806e0005) - RefPtr<MediaSourceTrackDemuxer::SamplesPromise> __cdecl mozilla::MediaSourceTrackDemuxer::DoGetSamples(int32_t): manager is detached.: file /builds/worker/checkouts/gecko/dom/media/MediaDecoderStateMachine.cpp, line 3470
[Child 18424, MediaDecoderStateMachine #2] WARNING: Decoder=1dd81f87800 Decode error: NS_ERROR_DOM_MEDIA_FATAL_ERR (0x806e0005) - RefPtr<MediaSourceTrackDemuxer::SamplesPromise> __cdecl mozilla::MediaSourceTrackDemuxer::DoGetSamples(int32_t): manager is detached.: file /builds/worker/checkouts/gecko/dom/media/MediaDecoderStateMachine.cpp, line 3470
[Child 18424, MediaDecoderStateMachine #2] WARNING: Decoder=1dd81f87800 Decode error: NS_ERROR_DOM_MEDIA_FATAL_ERR (0x806e0005) - RefPtr<MediaSourceTrackDemuxer::SamplesPromise> __cdecl mozilla::MediaSourceTrackDemuxer::DoGetSamples(int32_t): manager is detached.: file /builds/worker/checkouts/gecko/dom/media/MediaDecoderStateMachine.cpp, line 3470
console.error: "Could not get the list of font families" (new Error("Connection closed, pending request to server0.conn3.child2/pagestyle26, type getUsedFontFaces failed\n\nRequest stack:\nrequest@resource://devtools/shared/protocol/Front.js:256:14\ngenerateRequestMethods/</frontProto[name]@resource://devtools/shared/protocol/Front/FrontClassWithSpec.js:47:19\ngetUsedFontFamilies/</<@resource://devtools/client/inspector/rules/models/element-style.js:235:46\n", "resource://devtools/shared/protocol/Front.js", 77))
console.warn: "Inspector destroyed while executing onReflow callback"
console.error: "Could not get the list of font families" (new Error("Connection closed, pending request to server0.conn4.child2/pagestyle26, type getUsedFontFaces failed\n\nRequest stack:\nrequest@resource://devtools/shared/protocol/Front.js:256:14\ngenerateRequestMethods/</frontProto[name]@resource://devtools/shared/protocol/Front/FrontClassWithSpec.js:47:19\ngetUsedFontFamilies/</<@resource://devtools/client/inspector/rules/models/element-style.js:235:46\n", "resource://devtools/shared/protocol/Front.js", 77))
JavaScript error: resource://gre/actors/PictureInPictureChild.jsm, line 114: InvalidStateError: An attempt was made to use an object that is not, or is no longer, usable
JavaScript error: resource://gre/actors/PictureInPictureChild.jsm, line 114: InvalidStateError: An attempt was made to use an object that is not, or is no longer, usable
console.error: "Error while calling actor 'pagestyle's method 'getUsedFontFaces'" "node is null"
console.error: "getUsedFontFaces@resource://devtools/server/actors/styles.js:384:24\nhandler@resource://devtools/shared/protocol/Actor.js:162:37\nonPacket@resource://devtools/server/devtools-server-connection.js:379:58\nreceiveMessage@resource://devtools/shared/transport/child-transport.js:66:16\n"
console.error: "Could not get the list of font families" (new Error("Protocol error (TypeError): node is null from: server0.conn6.child2/pagestyle26 (resource://devtools/server/actors/styles.js:384:24)", "resource://devtools/shared/protocol/Front.js", 323))
console.error: "Exception while getting unique selector" (new Error("Protocol error (noSuchActor): No such actor for ID: server0.conn6.child2/domnode551 from: server0.conn6.child2/domnode551", "resource://devtools/shared/protocol/Front.js", 323))
console.error: (new TypeError("currentNode is null", "resource://devtools/client/inspector/shared/style-change-tracker.js", 66))
TypeError: currentNode is null: canMutationImpactCurrentStyles@resource://devtools/client/inspector/shared/style-change-tracker.js:66:20
onMutations@resource://devtools/client/inspector/shared/style-change-tracker.js:84:41
_emit@resource://devtools/shared/event-emitter.js:226:34
emit@resource://devtools/shared/event-emitter.js:172:18
emit@resource://devtools/shared/event-emitter.js:324:18
getMutations@resource://devtools/client/fronts/walker.js:409:10

JavaScript error: resource://gre/actors/PictureInPictureChild.jsm, line 114: InvalidStateError: An attempt was made to use an object that is not, or is no longer, usable
console.error: "Error while calling actor 'pagestyle's method 'getUsedFontFaces'" "node is null"
console.error: "getUsedFontFaces@resource://devtools/server/actors/styles.js:384:24\nhandler@resource://devtools/shared/protocol/Actor.js:162:37\nonPacket@resource://devtools/server/devtools-server-connection.js:379:58\nreceiveMessage@resource://devtools/shared/transport/child-transport.js:66:16\n"
console.error: "Could not get the list of font families" (new Error("Protocol error (TypeError): node is null from: server0.conn6.child2/pagestyle26 (resource://devtools/server/actors/styles.js:384:24)", "resource://devtools/shared/protocol/Front.js", 323))
JavaScript error: https://www.youtube.com/yts/jsbin/desktop_polymer_inlined_html_polymer_flags-vflypZB9W/desktop_polymer_inlined_html_polymer_flags.js, line 12174: TypeError: this.data is undefined
JavaScript error: https://www.youtube.com/yts/jsbin/desktop_polymer_inlined_html_polymer_flags-vflypZB9W/desktop_polymer_inlined_html_polymer_flags.js, line 12174: TypeError: this.data is undefined
JavaScript error: https://www.youtube.com/yts/jsbin/desktop_polymer_inlined_html_polymer_flags-vflypZB9W/desktop_polymer_inlined_html_polymer_flags.js, line 12174: TypeError: this.data is undefined
console.error: (new TypeError("currentNode is null", "resource://devtools/client/inspector/shared/style-change-tracker.js", 66))
TypeError: currentNode is null: canMutationImpactCurrentStyles@resource://devtools/client/inspector/shared/style-change-tracker.js:66:20
onMutations@resource://devtools/client/inspector/shared/style-change-tracker.js:84:41
_emit@resource://devtools/shared/event-emitter.js:226:34
emit@resource://devtools/shared/event-emitter.js:172:18
emit@resource://devtools/shared/event-emitter.js:324:18
getMutations@resource://devtools/client/fronts/walker.js:409:10

JavaScript error: resource://devtools/client/webconsole/components/Input/JSTerm.js, line 1035: TypeError: matchProp is null
JavaScript error: resource://devtools/client/webconsole/components/Input/JSTerm.js, line 1035: TypeError: matchProp is null
JavaScript error: resource://devtools/client/webconsole/components/Input/JSTerm.js, line 1035: TypeError: matchProp is null
JavaScript error: resource://devtools/client/webconsole/components/Input/JSTerm.js, line 1035: TypeError: matchProp is null
JavaScript error: resource://devtools/client/webconsole/components/Input/JSTerm.js, line 1035: TypeError: matchProp is null
JavaScript error: resource://devtools/client/webconsole/components/Input/JSTerm.js, line 1035: TypeError: matchProp is null
JavaScript error: resource://devtools/client/webconsole/components/Input/JSTerm.js, line 1035: TypeError: matchProp is null
JavaScript error: resource://devtools/client/webconsole/components/Input/JSTerm.js, line 1035: TypeError: matchProp is null
JavaScript error: resource://devtools/client/webconsole/components/Input/JSTerm.js, line 1035: TypeError: matchProp is null
JavaScript error: resource://devtools/client/webconsole/components/Input/JSTerm.js, line 1035: TypeError: matchProp is null
JavaScript error: resource://devtools/client/webconsole/components/Input/JSTerm.js, line 1035: TypeError: matchProp is null
JavaScript error: resource://devtools/client/webconsole/components/Input/JSTerm.js, line 1035: TypeError: matchProp is null
JavaScript error: resource://devtools/client/webconsole/components/Input/JSTerm.js, line 1035: TypeError: matchProp is null
[Child 18424, MediaDecoderStateMachine #1] WARNING: Decoder=1ddcd782800 Decode error: NS_ERROR_DOM_MEDIA_FATAL_ERR (0x806e0005) - RefPtr<MediaSourceTrackDemuxer::SamplesPromise> __cdecl mozilla::MediaSourceTrackDemuxer::DoGetSamples(int32_t): manager is detached.: file /builds/worker/checkouts/gecko/dom/media/MediaDecoderStateMachine.cpp, line 3470
[Child 18424, MediaDecoderStateMachine #1] WARNING: Decoder=1ddcd782800 Decode error: NS_ERROR_DOM_MEDIA_FATAL_ERR (0x806e0005) - RefPtr<MediaSourceTrackDemuxer::SamplesPromise> __cdecl mozilla::MediaSourceTrackDemuxer::DoGetSamples(int32_t): manager is detached.: file /builds/worker/checkouts/gecko/dom/media/MediaDecoderStateMachine.cpp, line 3470
[Child 18424, MediaDecoderStateMachine #1] WARNING: Decoder=1ddcd782800 Decode error: NS_ERROR_DOM_MEDIA_FATAL_ERR (0x806e0005) - RefPtr<MediaSourceTrackDemuxer::SamplesPromise> __cdecl mozilla::MediaSourceTrackDemuxer::DoGetSamples(int32_t): manager is detached.: file /builds/worker/checkouts/gecko/dom/media/MediaDecoderStateMachine.cpp, line 3470
[Child 18424, MediaDecoderStateMachine #1] WARNING: Decoder=1ddcd782800 Decode error: NS_ERROR_DOM_MEDIA_FATAL_ERR (0x806e0005) - RefPtr<MediaSourceTrackDemuxer::SamplesPromise> __cdecl mozilla::MediaSourceTrackDemuxer::DoGetSamples(int32_t): manager is detached.: file /builds/worker/checkouts/gecko/dom/media/MediaDecoderStateMachine.cpp, line 3470
[Child 18424, MediaDecoderStateMachine #1] WARNING: Decoder=1ddcd782800 Decode error: NS_ERROR_DOM_MEDIA_FATAL_ERR (0x806e0005) - RefPtr<MediaSourceTrackDemuxer::SamplesPromise> __cdecl mozilla::MediaSourceTrackDemuxer::DoGetSamples(int32_t): manager is detached.: file /builds/worker/checkouts/gecko/dom/media/MediaDecoderStateMachine.cpp, line 3470
[Child 18424, MediaDecoderStateMachine #1] WARNING: Decoder=1ddcd782800 Decode error: NS_ERROR_DOM_MEDIA_FATAL_ERR (0x806e0005) - RefPtr<MediaSourceTrackDemuxer::SamplesPromise> __cdecl mozilla::MediaSourceTrackDemuxer::DoGetSamples(int32_t): manager is detached.: file /builds/worker/checkouts/gecko/dom/media/MediaDecoderStateMachine.cpp, line 3470
JavaScript error: resource://devtools/client/webconsole/components/Input/JSTerm.js, line 1035: TypeError: matchProp is null
JavaScript error: resource://devtools/client/webconsole/components/Input/JSTerm.js, line 1035: TypeError: matchProp is null
JavaScript error: resource://devtools/client/webconsole/components/Input/JSTerm.js, line 1035: TypeError: matchProp is null
JavaScript error: resource://devtools/client/webconsole/components/Input/JSTerm.js, line 1035: TypeError: matchProp is null
JavaScript error: resource://devtools/client/webconsole/components/Input/JSTerm.js, line 1035: TypeError: matchProp is null
JavaScript error: https://www.youtube.com/yts/jsbin/desktop_polymer_inlined_html_polymer_flags-vflypZB9W/desktop_polymer_inlined_html_polymer_flags.js, line 12174: TypeError: this.data is undefined
JavaScript error: https://www.youtube.com/yts/jsbin/desktop_polymer_inlined_html_polymer_flags-vflypZB9W/desktop_polymer_inlined_html_polymer_flags.js, line 12174: TypeError: this.data is undefined
JavaScript error: https://www.youtube.com/yts/jsbin/desktop_polymer_inlined_html_polymer_flags-vflypZB9W/desktop_polymer_inlined_html_polymer_flags.js, line 12174: TypeError: this.data is undefined
JavaScript error: resource://devtools/client/webconsole/components/Input/JSTerm.js, line 1035: TypeError: matchProp is null
JavaScript error: resource://devtools/client/webconsole/components/Input/JSTerm.js, line 1035: TypeError: matchProp is null
console.error: "Failed to analyze input string" "syntax error"
console.error: "Failed to analyze input string" "syntax error"
console.error: "Failed to analyze input string" "syntax error"
console.error: "Failed to analyze input string" "syntax error"
console.error: "Failed to analyze input string" "syntax error"
JavaScript error: https://www.youtube.com/yts/jsbin/desktop_polymer_inlined_html_polymer_flags-vflypZB9W/desktop_polymer_inlined_html_polymer_flags.js, line 12174: TypeError: this.data is undefined
console.error: "Tried to send a 'newSource' event on an already destroyed actor 'thread'"
console.error: "Tried to send a 'newSource' event on an already destroyed actor 'thread'"
console.error: "Tried to send a 'newSource' event on an already destroyed actor 'thread'"
console.error: "Tried to send a 'newSource' event on an already destroyed actor 'thread'"
console.error: "Tried to send a 'newSource' event on an already destroyed actor 'thread'"
console.error: "Tried to send a 'newSource' event on an already destroyed actor 'thread'"
console.error: "Tried to send a 'newSource' event on an already destroyed actor 'thread'"
console.error: "Tried to send a 'newSource' event on an already destroyed actor 'thread'"
console.error: "Tried to send a 'newSource' event on an already destroyed actor 'thread'"
console.error: "Tried to send a 'newSource' event on an already destroyed actor 'thread'"
console.error: "Tried to send a 'newSource' event on an already destroyed actor 'thread'"
JavaScript error: resource://devtools/server/actors/highlighters.js, line 751: NS_ERROR_ILLEGAL_VALUE: Component returned failure code: 0x80070057 (NS_ERROR_ILLEGAL_VALUE) [nsIXPCComponents_Utils.isDeadWrapper]
JavaScript error: resource://devtools/server/actors/highlighters/utils/markup.js, line 272: TypeError: this.highlighterEnv is null
JavaScript error: resource://devtools/server/actors/inspector/walker.js, line 582: TypeError: this._refMap is null
JavaScript error: https://www.youtube.com/yts/jsbin/desktop_polymer_inlined_html_polymer_flags-vflypZB9W/desktop_polymer_inlined_html_polymer_flags.js, line 12174: TypeError: this.data is undefined
JavaScript error: https://www.youtube.com/yts/jsbin/desktop_polymer_inlined_html_polymer_flags-vflypZB9W/desktop_polymer_inlined_html_polymer_flags.js, line 12174: TypeError: this.data is undefined

###!!! [Parent][RunMessage] Error: Channel closing: too late to send/recv, messages will be lost

JavaScript error: https://www.youtube.com/yts/jsbin/desktop_polymer_inlined_html_polymer_flags-vflypZB9W/desktop_polymer_inlined_html_polymer_flags.js, line 12174: TypeError: this.data is undefined
JavaScript error: https://www.youtube.com/yts/jsbin/desktop_polymer_inlined_html_polymer_flags-vflypZB9W/desktop_polymer_inlined_html_polymer_flags.js, line 12174: TypeError: this.data is undefined
JavaScript error: resource://devtools/client/fronts/walker.js, line 159: Error: The ValueGrip passed could not be translated to a NodeFront
JavaScript error: resource://devtools/client/fronts/walker.js, line 159: Error: The ValueGrip passed could not be translated to a NodeFront
console.error: "Error while calling actor 'pagestyle's method 'getLayout'" "node is null"
console.error: "getLayout@resource://devtools/server/actors/styles.js:1013:5\nhandler@resource://devtools/shared/protocol/Actor.js:162:37\nonPacket@resource://devtools/server/devtools-server-connection.js:379:58\nreceiveMessage@resource://devtools/shared/transport/child-transport.js:66:16\n"
console.error: "Error while calling actor 'pagestyle's method 'getUsedFontFaces'" "node is null"
console.error: "getUsedFontFaces@resource://devtools/server/actors/styles.js:384:24\nhandler@resource://devtools/shared/protocol/Actor.js:162:37\nonPacket@resource://devtools/server/devtools-server-connection.js:379:58\nreceiveMessage@resource://devtools/shared/transport/child-transport.js:66:16\n"
console.error: (new TypeError("parent is null", "resource://devtools/client/inspector/shared/style-change-tracker.js", 67))
TypeError: parent is null: canMutationImpactCurrentStyles@resource://devtools/client/inspector/shared/style-change-tracker.js:67:24
onMutations@resource://devtools/client/inspector/shared/style-change-tracker.js:84:41
_emit@resource://devtools/shared/event-emitter.js:226:34
emit@resource://devtools/shared/event-emitter.js:172:18
emit@resource://devtools/shared/event-emitter.js:324:18
getMutations@resource://devtools/client/fronts/walker.js:409:10

console.error: (new Error("Protocol error (TypeError): node is null from: server0.conn10.child2/pagestyle27 (resource://devtools/server/actors/styles.js:1013:5)", "resource://devtools/shared/protocol/Front.js", 323))
console.error: "Could not get the list of font families" (new Error("Protocol error (TypeError): node is null from: server0.conn10.child2/pagestyle27 (resource://devtools/server/actors/styles.js:384:24)", "resource://devtools/shared/protocol/Front.js", 323))
console.error: "Error while calling actor 'pagestyle's method 'getApplied'" "node is null"
console.error: "getApplied@resource://devtools/server/actors/styles.js:587:5\nhandler@resource://devtools/shared/protocol/Actor.js:162:37\nonPacket@resource://devtools/server/devtools-server-connection.js:379:58\nreceiveMessage@resource://devtools/shared/transport/child-transport.js:66:16\n"
console.error: (new Error("Protocol error (TypeError): node is null from: server0.conn10.child2/pagestyle27 (resource://devtools/server/actors/styles.js:587:5)", "resource://devtools/shared/protocol/Front.js", 323))
console.error: (new TypeError("parent is null", "resource://devtools/client/inspector/shared/style-change-tracker.js", 67))
TypeError: parent is null: canMutationImpactCurrentStyles@resource://devtools/client/inspector/shared/style-change-tracker.js:67:24
onMutations@resource://devtools/client/inspector/shared/style-change-tracker.js:84:41
_emit@resource://devtools/shared/event-emitter.js:226:34
emit@resource://devtools/shared/event-emitter.js:172:18
emit@resource://devtools/shared/event-emitter.js:324:18
getMutations@resource://devtools/client/fronts/walker.js:409:10

console.error: "Error while calling actor 'pagestyle's method 'getUsedFontFaces'" "node is null"
console.error: "getUsedFontFaces@resource://devtools/server/actors/styles.js:384:24\nhandler@resource://devtools/shared/protocol/Actor.js:162:37\nonPacket@resource://devtools/server/devtools-server-connection.js:379:58\nreceiveMessage@resource://devtools/shared/transport/child-transport.js:66:16\n"
console.error: "Could not get the list of font families" (new Error("Protocol error (TypeError): node is null from: server0.conn10.child2/pagestyle27 (resource://devtools/server/actors/styles.js:384:24)", "resource://devtools/shared/protocol/Front.js", 323))
console.error: (new TypeError("parent is null", "resource://devtools/client/inspector/shared/style-change-tracker.js", 67))
TypeError: parent is null: canMutationImpactCurrentStyles@resource://devtools/client/inspector/shared/style-change-tracker.js:67:24
onMutations@resource://devtools/client/inspector/shared/style-change-tracker.js:84:41
_emit@resource://devtools/shared/event-emitter.js:226:34
emit@resource://devtools/shared/event-emitter.js:172:18
emit@resource://devtools/shared/event-emitter.js:324:18
getMutations@resource://devtools/client/fronts/walker.js:409:10

console.error: "Error while calling actor 'pagestyle's method 'getUsedFontFaces'" "node is null"
console.error: "getUsedFontFaces@resource://devtools/server/actors/styles.js:384:24\nhandler@resource://devtools/shared/protocol/Actor.js:162:37\nonPacket@resource://devtools/server/devtools-server-connection.js:379:58\nreceiveMessage@resource://devtools/shared/transport/child-transport.js:66:16\n"
console.error: "Could not get the list of font families" (new Error("Protocol error (TypeError): node is null from: server0.conn10.child2/pagestyle27 (resource://devtools/server/actors/styles.js:384:24)", "resource://devtools/shared/protocol/Front.js", 323))
1596539132110	Marionette	INFO	Stopped listening on port 60200

###!!! [Child][MessageChannel::SendAndWait] Error: Channel error: cannot send/recv

